c:\users\даша\source\repos\kmdfhelloworld\kmdfhelloworld\x64\release\vc142.pdb
c:\users\даша\source\repos\kmdfhelloworld\kmdfhelloworld\x64\release\queue.obj
c:\users\даша\source\repos\kmdfhelloworld\kmdfhelloworld\x64\release\driver.obj
c:\users\даша\source\repos\kmdfhelloworld\kmdfhelloworld\x64\release\device.obj
c:\users\даша\source\repos\kmdfhelloworld\kmdfhelloworld\x64\release\idttable.obj
c:\users\даша\source\repos\kmdfhelloworld\kmdfhelloworld\x64\release\gdttable.obj
c:\users\даша\source\repos\kmdfhelloworld\kmdfhelloworld\x64\release\hooksystemcallx64.obj
c:\users\даша\source\repos\kmdfhelloworld\kmdfhelloworld\x64\release\syscall64.obj
c:\users\даша\source\repos\kmdfhelloworld\x64\release\kmdfhelloworld.sys
c:\users\даша\source\repos\kmdfhelloworld\x64\release\kmdfhelloworld\kmdfhelloworld.cat
c:\users\даша\source\repos\kmdfhelloworld\kmdfhelloworld\x64\release\kmdfhelloworld.inf
c:\users\даша\source\repos\kmdfhelloworld\x64\release\kmdfhelloworld.cer
c:\users\даша\source\repos\kmdfhelloworld\x64\release\kmdfhelloworld.inf
c:\users\даша\source\repos\kmdfhelloworld\x64\release\kmdfhelloworld.pdb
c:\users\даша\source\repos\kmdfhelloworld\kmdfhelloworld\x64\release\kmdfhelloworld.tlog\cl.command.1.tlog
c:\users\даша\source\repos\kmdfhelloworld\kmdfhelloworld\x64\release\kmdfhelloworld.tlog\cl.read.1.tlog
c:\users\даша\source\repos\kmdfhelloworld\kmdfhelloworld\x64\release\kmdfhelloworld.tlog\cl.write.1.tlog
c:\users\даша\source\repos\kmdfhelloworld\kmdfhelloworld\x64\release\kmdfhelloworld.tlog\inf2cat-expand.10056.read.1.tlog
c:\users\даша\source\repos\kmdfhelloworld\kmdfhelloworld\x64\release\kmdfhelloworld.tlog\inf2cat-expand.10056.write.1.tlog
c:\users\даша\source\repos\kmdfhelloworld\kmdfhelloworld\x64\release\kmdfhelloworld.tlog\inf2cat-expand.11788.read.1.tlog
c:\users\даша\source\repos\kmdfhelloworld\kmdfhelloworld\x64\release\kmdfhelloworld.tlog\inf2cat-expand.11788.write.1.tlog
c:\users\даша\source\repos\kmdfhelloworld\kmdfhelloworld\x64\release\kmdfhelloworld.tlog\inf2cat-expand.12272.read.1.tlog
c:\users\даша\source\repos\kmdfhelloworld\kmdfhelloworld\x64\release\kmdfhelloworld.tlog\inf2cat-expand.12272.write.1.tlog
c:\users\даша\source\repos\kmdfhelloworld\kmdfhelloworld\x64\release\kmdfhelloworld.tlog\inf2cat-expand.12472.read.1.tlog
c:\users\даша\source\repos\kmdfhelloworld\kmdfhelloworld\x64\release\kmdfhelloworld.tlog\inf2cat-expand.12472.write.1.tlog
c:\users\даша\source\repos\kmdfhelloworld\kmdfhelloworld\x64\release\kmdfhelloworld.tlog\inf2cat-expand.13300.read.1.tlog
c:\users\даша\source\repos\kmdfhelloworld\kmdfhelloworld\x64\release\kmdfhelloworld.tlog\inf2cat-expand.13300.write.1.tlog
c:\users\даша\source\repos\kmdfhelloworld\kmdfhelloworld\x64\release\kmdfhelloworld.tlog\inf2cat-expand.13516.read.1.tlog
c:\users\даша\source\repos\kmdfhelloworld\kmdfhelloworld\x64\release\kmdfhelloworld.tlog\inf2cat-expand.13516.write.1.tlog
c:\users\даша\source\repos\kmdfhelloworld\kmdfhelloworld\x64\release\kmdfhelloworld.tlog\inf2cat-expand.1372.read.1.tlog
c:\users\даша\source\repos\kmdfhelloworld\kmdfhelloworld\x64\release\kmdfhelloworld.tlog\inf2cat-expand.1372.write.1.tlog
c:\users\даша\source\repos\kmdfhelloworld\kmdfhelloworld\x64\release\kmdfhelloworld.tlog\inf2cat-expand.13732.read.1.tlog
c:\users\даша\source\repos\kmdfhelloworld\kmdfhelloworld\x64\release\kmdfhelloworld.tlog\inf2cat-expand.13732.write.1.tlog
c:\users\даша\source\repos\kmdfhelloworld\kmdfhelloworld\x64\release\kmdfhelloworld.tlog\inf2cat-expand.13952.read.1.tlog
c:\users\даша\source\repos\kmdfhelloworld\kmdfhelloworld\x64\release\kmdfhelloworld.tlog\inf2cat-expand.13952.write.1.tlog
c:\users\даша\source\repos\kmdfhelloworld\kmdfhelloworld\x64\release\kmdfhelloworld.tlog\inf2cat-expand.14524.read.1.tlog
c:\users\даша\source\repos\kmdfhelloworld\kmdfhelloworld\x64\release\kmdfhelloworld.tlog\inf2cat-expand.14524.write.1.tlog
c:\users\даша\source\repos\kmdfhelloworld\kmdfhelloworld\x64\release\kmdfhelloworld.tlog\inf2cat-expand.14812.read.1.tlog
c:\users\даша\source\repos\kmdfhelloworld\kmdfhelloworld\x64\release\kmdfhelloworld.tlog\inf2cat-expand.14812.write.1.tlog
c:\users\даша\source\repos\kmdfhelloworld\kmdfhelloworld\x64\release\kmdfhelloworld.tlog\inf2cat-expand.15032.read.1.tlog
c:\users\даша\source\repos\kmdfhelloworld\kmdfhelloworld\x64\release\kmdfhelloworld.tlog\inf2cat-expand.15032.write.1.tlog
c:\users\даша\source\repos\kmdfhelloworld\kmdfhelloworld\x64\release\kmdfhelloworld.tlog\inf2cat-expand.15244.read.1.tlog
c:\users\даша\source\repos\kmdfhelloworld\kmdfhelloworld\x64\release\kmdfhelloworld.tlog\inf2cat-expand.15244.write.1.tlog
c:\users\даша\source\repos\kmdfhelloworld\kmdfhelloworld\x64\release\kmdfhelloworld.tlog\inf2cat-expand.15324.read.1.tlog
c:\users\даша\source\repos\kmdfhelloworld\kmdfhelloworld\x64\release\kmdfhelloworld.tlog\inf2cat-expand.15324.write.1.tlog
c:\users\даша\source\repos\kmdfhelloworld\kmdfhelloworld\x64\release\kmdfhelloworld.tlog\inf2cat-expand.15552.read.1.tlog
c:\users\даша\source\repos\kmdfhelloworld\kmdfhelloworld\x64\release\kmdfhelloworld.tlog\inf2cat-expand.15552.write.1.tlog
c:\users\даша\source\repos\kmdfhelloworld\kmdfhelloworld\x64\release\kmdfhelloworld.tlog\inf2cat-expand.16236.read.1.tlog
c:\users\даша\source\repos\kmdfhelloworld\kmdfhelloworld\x64\release\kmdfhelloworld.tlog\inf2cat-expand.16236.write.1.tlog
c:\users\даша\source\repos\kmdfhelloworld\kmdfhelloworld\x64\release\kmdfhelloworld.tlog\inf2cat-expand.16588.read.1.tlog
c:\users\даша\source\repos\kmdfhelloworld\kmdfhelloworld\x64\release\kmdfhelloworld.tlog\inf2cat-expand.16588.write.1.tlog
c:\users\даша\source\repos\kmdfhelloworld\kmdfhelloworld\x64\release\kmdfhelloworld.tlog\inf2cat-expand.16688.read.1.tlog
c:\users\даша\source\repos\kmdfhelloworld\kmdfhelloworld\x64\release\kmdfhelloworld.tlog\inf2cat-expand.16688.write.1.tlog
c:\users\даша\source\repos\kmdfhelloworld\kmdfhelloworld\x64\release\kmdfhelloworld.tlog\inf2cat-expand.16792.read.1.tlog
c:\users\даша\source\repos\kmdfhelloworld\kmdfhelloworld\x64\release\kmdfhelloworld.tlog\inf2cat-expand.16792.write.1.tlog
c:\users\даша\source\repos\kmdfhelloworld\kmdfhelloworld\x64\release\kmdfhelloworld.tlog\inf2cat-expand.17168.read.1.tlog
c:\users\даша\source\repos\kmdfhelloworld\kmdfhelloworld\x64\release\kmdfhelloworld.tlog\inf2cat-expand.17168.write.1.tlog
c:\users\даша\source\repos\kmdfhelloworld\kmdfhelloworld\x64\release\kmdfhelloworld.tlog\inf2cat-expand.17220.read.1.tlog
c:\users\даша\source\repos\kmdfhelloworld\kmdfhelloworld\x64\release\kmdfhelloworld.tlog\inf2cat-expand.17220.write.1.tlog
c:\users\даша\source\repos\kmdfhelloworld\kmdfhelloworld\x64\release\kmdfhelloworld.tlog\inf2cat-expand.17700.read.1.tlog
c:\users\даша\source\repos\kmdfhelloworld\kmdfhelloworld\x64\release\kmdfhelloworld.tlog\inf2cat-expand.17700.write.1.tlog
c:\users\даша\source\repos\kmdfhelloworld\kmdfhelloworld\x64\release\kmdfhelloworld.tlog\inf2cat-expand.18176.read.1.tlog
c:\users\даша\source\repos\kmdfhelloworld\kmdfhelloworld\x64\release\kmdfhelloworld.tlog\inf2cat-expand.18176.write.1.tlog
c:\users\даша\source\repos\kmdfhelloworld\kmdfhelloworld\x64\release\kmdfhelloworld.tlog\inf2cat-expand.18340.read.1.tlog
c:\users\даша\source\repos\kmdfhelloworld\kmdfhelloworld\x64\release\kmdfhelloworld.tlog\inf2cat-expand.18340.write.1.tlog
c:\users\даша\source\repos\kmdfhelloworld\kmdfhelloworld\x64\release\kmdfhelloworld.tlog\inf2cat-expand.18724.read.1.tlog
c:\users\даша\source\repos\kmdfhelloworld\kmdfhelloworld\x64\release\kmdfhelloworld.tlog\inf2cat-expand.18724.write.1.tlog
c:\users\даша\source\repos\kmdfhelloworld\kmdfhelloworld\x64\release\kmdfhelloworld.tlog\inf2cat-expand.19108.read.1.tlog
c:\users\даша\source\repos\kmdfhelloworld\kmdfhelloworld\x64\release\kmdfhelloworld.tlog\inf2cat-expand.19108.write.1.tlog
c:\users\даша\source\repos\kmdfhelloworld\kmdfhelloworld\x64\release\kmdfhelloworld.tlog\inf2cat-expand.19112.read.1.tlog
c:\users\даша\source\repos\kmdfhelloworld\kmdfhelloworld\x64\release\kmdfhelloworld.tlog\inf2cat-expand.19112.write.1.tlog
c:\users\даша\source\repos\kmdfhelloworld\kmdfhelloworld\x64\release\kmdfhelloworld.tlog\inf2cat-expand.19304.read.1.tlog
c:\users\даша\source\repos\kmdfhelloworld\kmdfhelloworld\x64\release\kmdfhelloworld.tlog\inf2cat-expand.19304.write.1.tlog
c:\users\даша\source\repos\kmdfhelloworld\kmdfhelloworld\x64\release\kmdfhelloworld.tlog\inf2cat-expand.19400.read.1.tlog
c:\users\даша\source\repos\kmdfhelloworld\kmdfhelloworld\x64\release\kmdfhelloworld.tlog\inf2cat-expand.19400.write.1.tlog
c:\users\даша\source\repos\kmdfhelloworld\kmdfhelloworld\x64\release\kmdfhelloworld.tlog\inf2cat-expand.19404.read.1.tlog
c:\users\даша\source\repos\kmdfhelloworld\kmdfhelloworld\x64\release\kmdfhelloworld.tlog\inf2cat-expand.19404.write.1.tlog
c:\users\даша\source\repos\kmdfhelloworld\kmdfhelloworld\x64\release\kmdfhelloworld.tlog\inf2cat-expand.19664.read.1.tlog
c:\users\даша\source\repos\kmdfhelloworld\kmdfhelloworld\x64\release\kmdfhelloworld.tlog\inf2cat-expand.19664.write.1.tlog
c:\users\даша\source\repos\kmdfhelloworld\kmdfhelloworld\x64\release\kmdfhelloworld.tlog\inf2cat-expand.19748.read.1.tlog
c:\users\даша\source\repos\kmdfhelloworld\kmdfhelloworld\x64\release\kmdfhelloworld.tlog\inf2cat-expand.19748.write.1.tlog
c:\users\даша\source\repos\kmdfhelloworld\kmdfhelloworld\x64\release\kmdfhelloworld.tlog\inf2cat-expand.19780.read.1.tlog
c:\users\даша\source\repos\kmdfhelloworld\kmdfhelloworld\x64\release\kmdfhelloworld.tlog\inf2cat-expand.19780.write.1.tlog
c:\users\даша\source\repos\kmdfhelloworld\kmdfhelloworld\x64\release\kmdfhelloworld.tlog\inf2cat-expand.20044.read.1.tlog
c:\users\даша\source\repos\kmdfhelloworld\kmdfhelloworld\x64\release\kmdfhelloworld.tlog\inf2cat-expand.20044.write.1.tlog
c:\users\даша\source\repos\kmdfhelloworld\kmdfhelloworld\x64\release\kmdfhelloworld.tlog\inf2cat-expand.20688.read.1.tlog
c:\users\даша\source\repos\kmdfhelloworld\kmdfhelloworld\x64\release\kmdfhelloworld.tlog\inf2cat-expand.20688.write.1.tlog
c:\users\даша\source\repos\kmdfhelloworld\kmdfhelloworld\x64\release\kmdfhelloworld.tlog\inf2cat-expand.2104.read.1.tlog
c:\users\даша\source\repos\kmdfhelloworld\kmdfhelloworld\x64\release\kmdfhelloworld.tlog\inf2cat-expand.2104.write.1.tlog
c:\users\даша\source\repos\kmdfhelloworld\kmdfhelloworld\x64\release\kmdfhelloworld.tlog\inf2cat-expand.21124.read.1.tlog
c:\users\даша\source\repos\kmdfhelloworld\kmdfhelloworld\x64\release\kmdfhelloworld.tlog\inf2cat-expand.21124.write.1.tlog
c:\users\даша\source\repos\kmdfhelloworld\kmdfhelloworld\x64\release\kmdfhelloworld.tlog\inf2cat-expand.300.read.1.tlog
c:\users\даша\source\repos\kmdfhelloworld\kmdfhelloworld\x64\release\kmdfhelloworld.tlog\inf2cat-expand.300.write.1.tlog
c:\users\даша\source\repos\kmdfhelloworld\kmdfhelloworld\x64\release\kmdfhelloworld.tlog\inf2cat-expand.3232.read.1.tlog
c:\users\даша\source\repos\kmdfhelloworld\kmdfhelloworld\x64\release\kmdfhelloworld.tlog\inf2cat-expand.3232.write.1.tlog
c:\users\даша\source\repos\kmdfhelloworld\kmdfhelloworld\x64\release\kmdfhelloworld.tlog\inf2cat-expand.3412.read.1.tlog
c:\users\даша\source\repos\kmdfhelloworld\kmdfhelloworld\x64\release\kmdfhelloworld.tlog\inf2cat-expand.3412.write.1.tlog
c:\users\даша\source\repos\kmdfhelloworld\kmdfhelloworld\x64\release\kmdfhelloworld.tlog\inf2cat-expand.3704.read.1.tlog
c:\users\даша\source\repos\kmdfhelloworld\kmdfhelloworld\x64\release\kmdfhelloworld.tlog\inf2cat-expand.3704.write.1.tlog
c:\users\даша\source\repos\kmdfhelloworld\kmdfhelloworld\x64\release\kmdfhelloworld.tlog\inf2cat-expand.3864.read.1.tlog
c:\users\даша\source\repos\kmdfhelloworld\kmdfhelloworld\x64\release\kmdfhelloworld.tlog\inf2cat-expand.3864.write.1.tlog
c:\users\даша\source\repos\kmdfhelloworld\kmdfhelloworld\x64\release\kmdfhelloworld.tlog\inf2cat-expand.6040.read.1.tlog
c:\users\даша\source\repos\kmdfhelloworld\kmdfhelloworld\x64\release\kmdfhelloworld.tlog\inf2cat-expand.6040.write.1.tlog
c:\users\даша\source\repos\kmdfhelloworld\kmdfhelloworld\x64\release\kmdfhelloworld.tlog\inf2cat-expand.6396.read.1.tlog
c:\users\даша\source\repos\kmdfhelloworld\kmdfhelloworld\x64\release\kmdfhelloworld.tlog\inf2cat-expand.6396.write.1.tlog
c:\users\даша\source\repos\kmdfhelloworld\kmdfhelloworld\x64\release\kmdfhelloworld.tlog\inf2cat-expand.640.read.1.tlog
c:\users\даша\source\repos\kmdfhelloworld\kmdfhelloworld\x64\release\kmdfhelloworld.tlog\inf2cat-expand.640.write.1.tlog
c:\users\даша\source\repos\kmdfhelloworld\kmdfhelloworld\x64\release\kmdfhelloworld.tlog\inf2cat-expand.6844.read.1.tlog
c:\users\даша\source\repos\kmdfhelloworld\kmdfhelloworld\x64\release\kmdfhelloworld.tlog\inf2cat-expand.6844.write.1.tlog
c:\users\даша\source\repos\kmdfhelloworld\kmdfhelloworld\x64\release\kmdfhelloworld.tlog\inf2cat-expand.7612.read.1.tlog
c:\users\даша\source\repos\kmdfhelloworld\kmdfhelloworld\x64\release\kmdfhelloworld.tlog\inf2cat-expand.7612.write.1.tlog
c:\users\даша\source\repos\kmdfhelloworld\kmdfhelloworld\x64\release\kmdfhelloworld.tlog\inf2cat-expand.8200.read.1.tlog
c:\users\даша\source\repos\kmdfhelloworld\kmdfhelloworld\x64\release\kmdfhelloworld.tlog\inf2cat-expand.8200.write.1.tlog
c:\users\даша\source\repos\kmdfhelloworld\kmdfhelloworld\x64\release\kmdfhelloworld.tlog\inf2cat-expand.8300.read.1.tlog
c:\users\даша\source\repos\kmdfhelloworld\kmdfhelloworld\x64\release\kmdfhelloworld.tlog\inf2cat-expand.8300.write.1.tlog
c:\users\даша\source\repos\kmdfhelloworld\kmdfhelloworld\x64\release\kmdfhelloworld.tlog\inf2cat-expand.8320.read.1.tlog
c:\users\даша\source\repos\kmdfhelloworld\kmdfhelloworld\x64\release\kmdfhelloworld.tlog\inf2cat-expand.8320.write.1.tlog
c:\users\даша\source\repos\kmdfhelloworld\kmdfhelloworld\x64\release\kmdfhelloworld.tlog\inf2cat-expand.8428.read.1.tlog
c:\users\даша\source\repos\kmdfhelloworld\kmdfhelloworld\x64\release\kmdfhelloworld.tlog\inf2cat-expand.8428.write.1.tlog
c:\users\даша\source\repos\kmdfhelloworld\kmdfhelloworld\x64\release\kmdfhelloworld.tlog\inf2cat-expand.9164.read.1.tlog
c:\users\даша\source\repos\kmdfhelloworld\kmdfhelloworld\x64\release\kmdfhelloworld.tlog\inf2cat-expand.9164.write.1.tlog
c:\users\даша\source\repos\kmdfhelloworld\kmdfhelloworld\x64\release\kmdfhelloworld.tlog\inf2cat-expand.9232.read.1.tlog
c:\users\даша\source\repos\kmdfhelloworld\kmdfhelloworld\x64\release\kmdfhelloworld.tlog\inf2cat-expand.9232.write.1.tlog
c:\users\даша\source\repos\kmdfhelloworld\kmdfhelloworld\x64\release\kmdfhelloworld.tlog\inf2cat-expand.read.1.tlog
c:\users\даша\source\repos\kmdfhelloworld\kmdfhelloworld\x64\release\kmdfhelloworld.tlog\inf2cat-expand.write.1.tlog
c:\users\даша\source\repos\kmdfhelloworld\kmdfhelloworld\x64\release\kmdfhelloworld.tlog\inf2cat.command.1.tlog
c:\users\даша\source\repos\kmdfhelloworld\kmdfhelloworld\x64\release\kmdfhelloworld.tlog\inf2cat.read.1.tlog
c:\users\даша\source\repos\kmdfhelloworld\kmdfhelloworld\x64\release\kmdfhelloworld.tlog\inf2cat.read.8.tlog
c:\users\даша\source\repos\kmdfhelloworld\kmdfhelloworld\x64\release\kmdfhelloworld.tlog\inf2cat.write.1.tlog
c:\users\даша\source\repos\kmdfhelloworld\kmdfhelloworld\x64\release\kmdfhelloworld.tlog\inf2cat.write.8.tlog
c:\users\даша\source\repos\kmdfhelloworld\kmdfhelloworld\x64\release\kmdfhelloworld.tlog\link.command.1.tlog
c:\users\даша\source\repos\kmdfhelloworld\kmdfhelloworld\x64\release\kmdfhelloworld.tlog\link.read.1.tlog
c:\users\даша\source\repos\kmdfhelloworld\kmdfhelloworld\x64\release\kmdfhelloworld.tlog\link.write.1.tlog
c:\users\даша\source\repos\kmdfhelloworld\kmdfhelloworld\x64\release\kmdfhelloworld.tlog\masm.read.1u.tlog
c:\users\даша\source\repos\kmdfhelloworld\kmdfhelloworld\x64\release\kmdfhelloworld.tlog\masm.write.1u.tlog
c:\users\даша\source\repos\kmdfhelloworld\kmdfhelloworld\x64\release\kmdfhelloworld.tlog\signtool.command.1.tlog
c:\users\даша\source\repos\kmdfhelloworld\kmdfhelloworld\x64\release\kmdfhelloworld.tlog\signtool.read.1.tlog
c:\users\даша\source\repos\kmdfhelloworld\kmdfhelloworld\x64\release\kmdfhelloworld.tlog\signtool.timestamp.1.tlog
c:\users\даша\source\repos\kmdfhelloworld\kmdfhelloworld\x64\release\kmdfhelloworld.tlog\signtool.write.1.tlog
c:\users\даша\source\repos\kmdfhelloworld\kmdfhelloworld\x64\release\kmdfhelloworld.tlog\stampinf.command.1.tlog
c:\users\даша\source\repos\kmdfhelloworld\kmdfhelloworld\x64\release\kmdfhelloworld.tlog\stampinf.read.1.tlog
c:\users\даша\source\repos\kmdfhelloworld\kmdfhelloworld\x64\release\kmdfhelloworld.tlog\stampinf.write.1.tlog
